<?xml version="1.0" encoding="UTF-8"?>
<!-- Generated by org.testng.reporters.JUnitReportReporter -->
<testsuite hostname="Beatwell" failures="0" tests="3" name="com.ws.testcase.TestLoginPage" time="31.968" errors="0" timestamp="2024-04-10T16:41:03 EDT" skipped="0">
  <testcase classname="com.ws.testcase.TestLoginPage" name="testLoginPageTitle" time="11.469"/>
  <testcase classname="com.ws.testcase.TestLoginPage" name="testloginFunction" time="11.089"/>
  <testcase classname="com.ws.testcase.TestLoginPage" name="testForgotPasswordRecover" time="9.410"/>
</testsuite> <!-- com.ws.testcase.TestLoginPage -->
