<?xml version="1.0" encoding="UTF-8"?>
<!-- Generated by org.testng.reporters.JUnitReportReporter -->
<testsuite hostname="Beatwell" failures="0" tests="1" name="com.ws.base.DriverScript" time="8.874" errors="0" timestamp="2024-03-27T13:15:36 EDT" skipped="0">
  <testcase classname="com.ws.base.DriverScript" name="initApplication" time="8.874"/>
</testsuite> <!-- com.ws.base.DriverScript -->
